Analysis & Synthesis report for MiniS08
Fri Dec 06 15:03:40 2019
Quartus II 64-Bit Version 13.0.1 Build 232 06/12/2013 Service Pack 1 SJ Web Edition


---------------------
; Table of Contents ;
---------------------
  1. Legal Notice
  2. Analysis & Synthesis Summary
  3. Analysis & Synthesis Settings
  4. Parallel Compilation
  5. Analysis & Synthesis Source Files Read
  6. Analysis & Synthesis Resource Usage Summary
  7. Analysis & Synthesis Resource Utilization by Entity
  8. Analysis & Synthesis RAM Summary
  9. Analysis & Synthesis IP Cores Summary
 10. State Machine - |MiniS08|FPU:S08fpu|FPaddsub:FPaddsubUnit|state
 11. State Machine - |MiniS08|FPU:S08fpu|FPmultiply:FPmultUnit|state
 12. Registers Removed During Synthesis
 13. General Register Statistics
 14. Multiplexer Restructuring Statistics (Restructuring Performed)
 15. Source assignments for ram:S08ram|altsyncram:altsyncram_component|altsyncram_cra1:auto_generated
 16. Source assignments for rom2:S08rom|altsyncram:altsyncram_component|altsyncram_pl81:auto_generated
 17. Parameter Settings for User Entity Instance: ram:S08ram|altsyncram:altsyncram_component
 18. Parameter Settings for User Entity Instance: rom2:S08rom|altsyncram:altsyncram_component
 19. altsyncram Parameter Settings by Entity Instance
 20. Port Connectivity Checks: "sevenseg:ST"
 21. Port Connectivity Checks: "sevenseg:A2"
 22. Elapsed Time Per Partition
 23. Analysis & Synthesis Messages
 24. Analysis & Synthesis Suppressed Messages



----------------
; Legal Notice ;
----------------
Copyright (C) 1991-2013 Altera Corporation
Your use of Altera Corporation's design tools, logic functions 
and other software and tools, and its AMPP partner logic 
functions, and any output files from any of the foregoing 
(including device programming or simulation files), and any 
associated documentation or information are expressly subject 
to the terms and conditions of the Altera Program License 
Subscription Agreement, Altera MegaCore Function License 
Agreement, or other applicable license agreement, including, 
without limitation, that your use is for the sole purpose of 
programming logic devices manufactured by Altera and sold by 
Altera or its authorized distributors.  Please refer to the 
applicable agreement for further details.



+--------------------------------------------------------------------------------------+
; Analysis & Synthesis Summary                                                         ;
+------------------------------------+-------------------------------------------------+
; Analysis & Synthesis Status        ; Successful - Fri Dec 06 15:03:40 2019           ;
; Quartus II 64-Bit Version          ; 13.0.1 Build 232 06/12/2013 SP 1 SJ Web Edition ;
; Revision Name                      ; MiniS08                                         ;
; Top-level Entity Name              ; MiniS08                                         ;
; Family                             ; Cyclone II                                      ;
; Total logic elements               ; 1,600                                           ;
;     Total combinational functions  ; 1,476                                           ;
;     Dedicated logic registers      ; 530                                             ;
; Total registers                    ; 530                                             ;
; Total pins                         ; 65                                              ;
; Total virtual pins                 ; 0                                               ;
; Total memory bits                  ; 20,480                                          ;
; Embedded Multiplier 9-bit elements ; 0                                               ;
; Total PLLs                         ; 0                                               ;
+------------------------------------+-------------------------------------------------+


+----------------------------------------------------------------------------------------------------------------------+
; Analysis & Synthesis Settings                                                                                        ;
+----------------------------------------------------------------------------+--------------------+--------------------+
; Option                                                                     ; Setting            ; Default Value      ;
+----------------------------------------------------------------------------+--------------------+--------------------+
; Device                                                                     ; EP2C35F672C6       ;                    ;
; Top-level entity name                                                      ; MiniS08            ; MiniS08            ;
; Family name                                                                ; Cyclone II         ; Cyclone IV GX      ;
; Use smart compilation                                                      ; Off                ; Off                ;
; Enable parallel Assembler and TimeQuest Timing Analyzer during compilation ; On                 ; On                 ;
; Enable compact report table                                                ; Off                ; Off                ;
; Restructure Multiplexers                                                   ; Auto               ; Auto               ;
; Create Debugging Nodes for IP Cores                                        ; Off                ; Off                ;
; Preserve fewer node names                                                  ; On                 ; On                 ;
; Disable OpenCore Plus hardware evaluation                                  ; Off                ; Off                ;
; Verilog Version                                                            ; Verilog_2001       ; Verilog_2001       ;
; VHDL Version                                                               ; VHDL_1993          ; VHDL_1993          ;
; State Machine Processing                                                   ; Auto               ; Auto               ;
; Safe State Machine                                                         ; Off                ; Off                ;
; Extract Verilog State Machines                                             ; On                 ; On                 ;
; Extract VHDL State Machines                                                ; On                 ; On                 ;
; Ignore Verilog initial constructs                                          ; Off                ; Off                ;
; Iteration limit for constant Verilog loops                                 ; 5000               ; 5000               ;
; Iteration limit for non-constant Verilog loops                             ; 250                ; 250                ;
; Add Pass-Through Logic to Inferred RAMs                                    ; On                 ; On                 ;
; Infer RAMs from Raw Logic                                                  ; On                 ; On                 ;
; Parallel Synthesis                                                         ; On                 ; On                 ;
; DSP Block Balancing                                                        ; Auto               ; Auto               ;
; NOT Gate Push-Back                                                         ; On                 ; On                 ;
; Power-Up Don't Care                                                        ; On                 ; On                 ;
; Remove Redundant Logic Cells                                               ; Off                ; Off                ;
; Remove Duplicate Registers                                                 ; On                 ; On                 ;
; Ignore CARRY Buffers                                                       ; Off                ; Off                ;
; Ignore CASCADE Buffers                                                     ; Off                ; Off                ;
; Ignore GLOBAL Buffers                                                      ; Off                ; Off                ;
; Ignore ROW GLOBAL Buffers                                                  ; Off                ; Off                ;
; Ignore LCELL Buffers                                                       ; Off                ; Off                ;
; Ignore SOFT Buffers                                                        ; On                 ; On                 ;
; Limit AHDL Integers to 32 Bits                                             ; Off                ; Off                ;
; Optimization Technique                                                     ; Balanced           ; Balanced           ;
; Carry Chain Length                                                         ; 70                 ; 70                 ;
; Auto Carry Chains                                                          ; On                 ; On                 ;
; Auto Open-Drain Pins                                                       ; On                 ; On                 ;
; Perform WYSIWYG Primitive Resynthesis                                      ; Off                ; Off                ;
; Auto ROM Replacement                                                       ; On                 ; On                 ;
; Auto RAM Replacement                                                       ; On                 ; On                 ;
; Auto Shift Register Replacement                                            ; Auto               ; Auto               ;
; Allow Shift Register Merging across Hierarchies                            ; Auto               ; Auto               ;
; Auto Clock Enable Replacement                                              ; On                 ; On                 ;
; Strict RAM Replacement                                                     ; Off                ; Off                ;
; Allow Synchronous Control Signals                                          ; On                 ; On                 ;
; Force Use of Synchronous Clear Signals                                     ; Off                ; Off                ;
; Auto RAM to Logic Cell Conversion                                          ; Off                ; Off                ;
; Auto Resource Sharing                                                      ; Off                ; Off                ;
; Allow Any RAM Size For Recognition                                         ; Off                ; Off                ;
; Allow Any ROM Size For Recognition                                         ; Off                ; Off                ;
; Allow Any Shift Register Size For Recognition                              ; Off                ; Off                ;
; Use LogicLock Constraints during Resource Balancing                        ; On                 ; On                 ;
; Ignore translate_off and synthesis_off directives                          ; Off                ; Off                ;
; Timing-Driven Synthesis                                                    ; Off                ; Off                ;
; Report Parameter Settings                                                  ; On                 ; On                 ;
; Report Source Assignments                                                  ; On                 ; On                 ;
; Report Connectivity Checks                                                 ; On                 ; On                 ;
; Ignore Maximum Fan-Out Assignments                                         ; Off                ; Off                ;
; Synchronization Register Chain Length                                      ; 2                  ; 2                  ;
; PowerPlay Power Optimization                                               ; Normal compilation ; Normal compilation ;
; HDL message level                                                          ; Level2             ; Level2             ;
; Suppress Register Optimization Related Messages                            ; Off                ; Off                ;
; Number of Removed Registers Reported in Synthesis Report                   ; 5000               ; 5000               ;
; Number of Swept Nodes Reported in Synthesis Report                         ; 5000               ; 5000               ;
; Number of Inverted Registers Reported in Synthesis Report                  ; 100                ; 100                ;
; Clock MUX Protection                                                       ; On                 ; On                 ;
; Auto Gated Clock Conversion                                                ; Off                ; Off                ;
; Block Design Naming                                                        ; Auto               ; Auto               ;
; SDC constraint protection                                                  ; Off                ; Off                ;
; Synthesis Effort                                                           ; Auto               ; Auto               ;
; Shift Register Replacement - Allow Asynchronous Clear Signal               ; On                 ; On                 ;
; Pre-Mapping Resynthesis Optimization                                       ; Off                ; Off                ;
; Analysis & Synthesis Message Level                                         ; Medium             ; Medium             ;
; Disable Register Merging Across Hierarchies                                ; Auto               ; Auto               ;
; Resource Aware Inference For Block RAM                                     ; On                 ; On                 ;
; Synthesis Seed                                                             ; 1                  ; 1                  ;
+----------------------------------------------------------------------------+--------------------+--------------------+


+------------------------------------------+
; Parallel Compilation                     ;
+----------------------------+-------------+
; Processors                 ; Number      ;
+----------------------------+-------------+
; Number detected on machine ; 12          ;
; Maximum allowed            ; 6           ;
;                            ;             ;
; Average used               ; 1.00        ;
; Maximum used               ; 1           ;
;                            ;             ;
; Usage by Processor         ; % Time Used ;
;     Processor 1            ; 100.0%      ;
;     Processors 2-12        ;   0.0%      ;
+----------------------------+-------------+


+---------------------------------------------------------------------------------------------------------------------------------------------------------------------------------------+
; Analysis & Synthesis Source Files Read                                                                                                                                                ;
+----------------------------------+-----------------+----------------------------------------+-------------------------------------------------------------------------------+---------+
; File Name with User-Entered Path ; Used in Netlist ; File Type                              ; File Name with Absolute Path                                                  ; Library ;
+----------------------------------+-----------------+----------------------------------------+-------------------------------------------------------------------------------+---------+
; FPaddsub.v                       ; yes             ; User Verilog HDL File                  ; C:/Users/kacox/Desktop/MiniS08 Verilog/MiniS08 Verilog/FPaddsub.v             ;         ;
; FPmultiply.v                     ; yes             ; User Verilog HDL File                  ; C:/Users/kacox/Desktop/MiniS08 Verilog/MiniS08 Verilog/FPmultiply.v           ;         ;
; FPdivide.v                       ; yes             ; User Verilog HDL File                  ; C:/Users/kacox/Desktop/MiniS08 Verilog/MiniS08 Verilog/FPdivide.v             ;         ;
; FPU.v                            ; yes             ; User Verilog HDL File                  ; C:/Users/kacox/Desktop/MiniS08 Verilog/MiniS08 Verilog/FPU.v                  ;         ;
; sevenseg.v                       ; yes             ; User Verilog HDL File                  ; C:/Users/kacox/Desktop/MiniS08 Verilog/MiniS08 Verilog/sevenseg.v             ;         ;
; sci.v                            ; yes             ; User Verilog HDL File                  ; C:/Users/kacox/Desktop/MiniS08 Verilog/MiniS08 Verilog/sci.v                  ;         ;
; MiniS08starter.v                 ; yes             ; User Verilog HDL File                  ; C:/Users/kacox/Desktop/MiniS08 Verilog/MiniS08 Verilog/MiniS08starter.v       ;         ;
; ram.v                            ; yes             ; User Wizard-Generated File             ; C:/Users/kacox/Desktop/MiniS08 Verilog/MiniS08 Verilog/ram.v                  ;         ;
; rom2.v                           ; yes             ; User Wizard-Generated File             ; C:/Users/kacox/Desktop/MiniS08 Verilog/MiniS08 Verilog/rom2.v                 ;         ;
; altsyncram.tdf                   ; yes             ; Megafunction                           ; c:/altera/13.0sp1/quartus/libraries/megafunctions/altsyncram.tdf              ;         ;
; stratix_ram_block.inc            ; yes             ; Megafunction                           ; c:/altera/13.0sp1/quartus/libraries/megafunctions/stratix_ram_block.inc       ;         ;
; lpm_mux.inc                      ; yes             ; Megafunction                           ; c:/altera/13.0sp1/quartus/libraries/megafunctions/lpm_mux.inc                 ;         ;
; lpm_decode.inc                   ; yes             ; Megafunction                           ; c:/altera/13.0sp1/quartus/libraries/megafunctions/lpm_decode.inc              ;         ;
; aglobal130.inc                   ; yes             ; Megafunction                           ; c:/altera/13.0sp1/quartus/libraries/megafunctions/aglobal130.inc              ;         ;
; a_rdenreg.inc                    ; yes             ; Megafunction                           ; c:/altera/13.0sp1/quartus/libraries/megafunctions/a_rdenreg.inc               ;         ;
; altrom.inc                       ; yes             ; Megafunction                           ; c:/altera/13.0sp1/quartus/libraries/megafunctions/altrom.inc                  ;         ;
; altram.inc                       ; yes             ; Megafunction                           ; c:/altera/13.0sp1/quartus/libraries/megafunctions/altram.inc                  ;         ;
; altdpram.inc                     ; yes             ; Megafunction                           ; c:/altera/13.0sp1/quartus/libraries/megafunctions/altdpram.inc                ;         ;
; db/altsyncram_cra1.tdf           ; yes             ; Auto-Generated Megafunction            ; C:/Users/kacox/Desktop/MiniS08 Verilog/MiniS08 Verilog/db/altsyncram_cra1.tdf ;         ;
; db/altsyncram_pl81.tdf           ; yes             ; Auto-Generated Megafunction            ; C:/Users/kacox/Desktop/MiniS08 Verilog/MiniS08 Verilog/db/altsyncram_pl81.tdf ;         ;
; minis08fputest.mif               ; yes             ; Auto-Found Memory Initialization File  ; C:/Users/kacox/Desktop/MiniS08 Verilog/MiniS08 Verilog/minis08fputest.mif     ;         ;
+----------------------------------+-----------------+----------------------------------------+-------------------------------------------------------------------------------+---------+


+-----------------------------------------------------+
; Analysis & Synthesis Resource Usage Summary         ;
+---------------------------------------------+-------+
; Resource                                    ; Usage ;
+---------------------------------------------+-------+
; Estimated Total logic elements              ; 1,600 ;
;                                             ;       ;
; Total combinational functions               ; 1476  ;
; Logic element usage by number of LUT inputs ;       ;
;     -- 4 input functions                    ; 728   ;
;     -- 3 input functions                    ; 478   ;
;     -- <=2 input functions                  ; 270   ;
;                                             ;       ;
; Logic elements by mode                      ;       ;
;     -- normal mode                          ; 1109  ;
;     -- arithmetic mode                      ; 367   ;
;                                             ;       ;
; Total registers                             ; 530   ;
;     -- Dedicated logic registers            ; 530   ;
;     -- I/O registers                        ; 0     ;
;                                             ;       ;
; I/O pins                                    ; 65    ;
; Total memory bits                           ; 20480 ;
; Embedded Multiplier 9-bit elements          ; 0     ;
; Maximum fan-out node                        ; clk50 ;
; Maximum fan-out                             ; 453   ;
; Total fan-out                               ; 6798  ;
; Average fan-out                             ; 3.26  ;
+---------------------------------------------+-------+


+------------------------------------------------------------------------------------------------------------------------------------------------------------------------------------------------------------------------------------------------------------+
; Analysis & Synthesis Resource Utilization by Entity                                                                                                                                                                                                        ;
+-------------------------------------------+-------------------+--------------+-------------+--------------+---------+-----------+------+--------------+-------------------------------------------------------------------------------------+--------------+
; Compilation Hierarchy Node                ; LC Combinationals ; LC Registers ; Memory Bits ; DSP Elements ; DSP 9x9 ; DSP 18x18 ; Pins ; Virtual Pins ; Full Hierarchy Name                                                                 ; Library Name ;
+-------------------------------------------+-------------------+--------------+-------------+--------------+---------+-----------+------+--------------+-------------------------------------------------------------------------------------+--------------+
; |MiniS08                                  ; 1476 (528)        ; 530 (94)     ; 20480       ; 0            ; 0       ; 0         ; 65   ; 0            ; |MiniS08                                                                            ; work         ;
;    |FPU:S08fpu|                           ; 815 (84)          ; 385 (105)    ; 0           ; 0            ; 0       ; 0         ; 0    ; 0            ; |MiniS08|FPU:S08fpu                                                                 ; work         ;
;       |FPaddsub:FPaddsubUnit|             ; 391 (391)         ; 110 (110)    ; 0           ; 0            ; 0       ; 0         ; 0    ; 0            ; |MiniS08|FPU:S08fpu|FPaddsub:FPaddsubUnit                                           ; work         ;
;       |FPdivide:FPdivUnit|                ; 170 (170)         ; 83 (83)      ; 0           ; 0            ; 0       ; 0         ; 0    ; 0            ; |MiniS08|FPU:S08fpu|FPdivide:FPdivUnit                                              ; work         ;
;       |FPmultiply:FPmultUnit|             ; 170 (170)         ; 87 (87)      ; 0           ; 0            ; 0       ; 0         ; 0    ; 0            ; |MiniS08|FPU:S08fpu|FPmultiply:FPmultUnit                                           ; work         ;
;    |ram:S08ram|                           ; 0 (0)             ; 0 (0)        ; 4096        ; 0            ; 0       ; 0         ; 0    ; 0            ; |MiniS08|ram:S08ram                                                                 ; work         ;
;       |altsyncram:altsyncram_component|   ; 0 (0)             ; 0 (0)        ; 4096        ; 0            ; 0       ; 0         ; 0    ; 0            ; |MiniS08|ram:S08ram|altsyncram:altsyncram_component                                 ; work         ;
;          |altsyncram_cra1:auto_generated| ; 0 (0)             ; 0 (0)        ; 4096        ; 0            ; 0       ; 0         ; 0    ; 0            ; |MiniS08|ram:S08ram|altsyncram:altsyncram_component|altsyncram_cra1:auto_generated  ; work         ;
;    |rom2:S08rom|                          ; 0 (0)             ; 0 (0)        ; 16384       ; 0            ; 0       ; 0         ; 0    ; 0            ; |MiniS08|rom2:S08rom                                                                ; work         ;
;       |altsyncram:altsyncram_component|   ; 0 (0)             ; 0 (0)        ; 16384       ; 0            ; 0       ; 0         ; 0    ; 0            ; |MiniS08|rom2:S08rom|altsyncram:altsyncram_component                                ; work         ;
;          |altsyncram_pl81:auto_generated| ; 0 (0)             ; 0 (0)        ; 16384       ; 0            ; 0       ; 0         ; 0    ; 0            ; |MiniS08|rom2:S08rom|altsyncram:altsyncram_component|altsyncram_pl81:auto_generated ; work         ;
;    |sci:S08sci|                           ; 55 (55)           ; 51 (51)      ; 0           ; 0            ; 0       ; 0         ; 0    ; 0            ; |MiniS08|sci:S08sci                                                                 ; work         ;
;    |sevenseg:A0|                          ; 7 (7)             ; 0 (0)        ; 0           ; 0            ; 0       ; 0         ; 0    ; 0            ; |MiniS08|sevenseg:A0                                                                ; work         ;
;    |sevenseg:A1|                          ; 7 (7)             ; 0 (0)        ; 0           ; 0            ; 0       ; 0         ; 0    ; 0            ; |MiniS08|sevenseg:A1                                                                ; work         ;
;    |sevenseg:A2|                          ; 8 (8)             ; 0 (0)        ; 0           ; 0            ; 0       ; 0         ; 0    ; 0            ; |MiniS08|sevenseg:A2                                                                ; work         ;
;    |sevenseg:D0|                          ; 7 (7)             ; 0 (0)        ; 0           ; 0            ; 0       ; 0         ; 0    ; 0            ; |MiniS08|sevenseg:D0                                                                ; work         ;
;    |sevenseg:D1|                          ; 9 (9)             ; 0 (0)        ; 0           ; 0            ; 0       ; 0         ; 0    ; 0            ; |MiniS08|sevenseg:D1                                                                ; work         ;
;    |sevenseg:IR0|                         ; 17 (17)           ; 0 (0)        ; 0           ; 0            ; 0       ; 0         ; 0    ; 0            ; |MiniS08|sevenseg:IR0                                                               ; work         ;
;    |sevenseg:IR1|                         ; 17 (17)           ; 0 (0)        ; 0           ; 0            ; 0       ; 0         ; 0    ; 0            ; |MiniS08|sevenseg:IR1                                                               ; work         ;
;    |sevenseg:ST|                          ; 6 (6)             ; 0 (0)        ; 0           ; 0            ; 0       ; 0         ; 0    ; 0            ; |MiniS08|sevenseg:ST                                                                ; work         ;
+-------------------------------------------+-------------------+--------------+-------------+--------------+---------+-----------+------+--------------+-------------------------------------------------------------------------------------+--------------+
Note: For table entries with two numbers listed, the numbers in parentheses indicate the number of resources of the given type used by the specific entity alone. The numbers listed outside of parentheses indicate the total resources of the given type used by the specific entity and all of its sub-entities in the hierarchy.


+-----------------------------------------------------------------------------------------------------------------------------------------------------------------------------------------------------+
; Analysis & Synthesis RAM Summary                                                                                                                                                                    ;
+---------------------------------------------------------------------------------------+------+-------------+--------------+--------------+--------------+--------------+-------+--------------------+
; Name                                                                                  ; Type ; Mode        ; Port A Depth ; Port A Width ; Port B Depth ; Port B Width ; Size  ; MIF                ;
+---------------------------------------------------------------------------------------+------+-------------+--------------+--------------+--------------+--------------+-------+--------------------+
; ram:S08ram|altsyncram:altsyncram_component|altsyncram_cra1:auto_generated|ALTSYNCRAM  ; AUTO ; Single Port ; 512          ; 8            ; --           ; --           ; 4096  ; None               ;
; rom2:S08rom|altsyncram:altsyncram_component|altsyncram_pl81:auto_generated|ALTSYNCRAM ; AUTO ; ROM         ; 2048         ; 8            ; --           ; --           ; 16384 ; MiniS08FPUtest.mif ;
+---------------------------------------------------------------------------------------+------+-------------+--------------+--------------+--------------+--------------+-------+--------------------+


+------------------------------------------------------------------------------------------------------------------------------------------------------+
; Analysis & Synthesis IP Cores Summary                                                                                                                ;
+--------+--------------+---------+--------------+--------------+----------------------+---------------------------------------------------------------+
; Vendor ; IP Core Name ; Version ; Release Date ; License Type ; Entity Instance      ; IP Include File                                               ;
+--------+--------------+---------+--------------+--------------+----------------------+---------------------------------------------------------------+
; Altera ; RAM: 1-PORT  ; 13.0    ; N/A          ; N/A          ; |MiniS08|ram:S08ram  ; C:/Users/kacox/Desktop/MiniS08 Verilog/MiniS08 Verilog/ram.v  ;
; Altera ; ROM: 1-PORT  ; 13.0    ; N/A          ; N/A          ; |MiniS08|rom2:S08rom ; C:/Users/kacox/Desktop/MiniS08 Verilog/MiniS08 Verilog/rom2.v ;
+--------+--------------+---------+--------------+--------------+----------------------+---------------------------------------------------------------+


Encoding Type:  One-Hot
+-----------------------------------------------------------------+
; State Machine - |MiniS08|FPU:S08fpu|FPaddsub:FPaddsubUnit|state ;
+----------+----------+----------+--------------------------------+
; Name     ; state.00 ; state.10 ; state.01                       ;
+----------+----------+----------+--------------------------------+
; state.00 ; 0        ; 0        ; 0                              ;
; state.01 ; 1        ; 0        ; 1                              ;
; state.10 ; 1        ; 1        ; 0                              ;
+----------+----------+----------+--------------------------------+


Encoding Type:  One-Hot
+-----------------------------------------------------------------+
; State Machine - |MiniS08|FPU:S08fpu|FPmultiply:FPmultUnit|state ;
+----------+----------+----------+--------------------------------+
; Name     ; state.00 ; state.10 ; state.01                       ;
+----------+----------+----------+--------------------------------+
; state.00 ; 0        ; 0        ; 0                              ;
; state.01 ; 1        ; 0        ; 1                              ;
; state.10 ; 1        ; 1        ; 0                              ;
+----------+----------+----------+--------------------------------+


+----------------------------------------------------------------------------------------------+
; Registers Removed During Synthesis                                                           ;
+-----------------------------------------+----------------------------------------------------+
; Register name                           ; Reason for Removal                                 ;
+-----------------------------------------+----------------------------------------------------+
; FPU:S08fpu|FPmultiply:FPmultUnit|B[23]  ; Stuck at VCC due to stuck port data_in             ;
; FPU:S08fpu|FPdivide:FPdivUnit|B[23]     ; Stuck at VCC due to stuck port data_in             ;
; FPU:S08fpu|FPdivide:FPdivUnit|B[24]     ; Stuck at GND due to stuck port data_in             ;
; FPU:S08fpu|FPaddsub:FPaddsubUnit|B[27]  ; Merged with FPU:S08fpu|FPaddsub:FPaddsubUnit|B[28] ;
; FPU:S08fpu|FPaddsub:FPaddsubUnit|B[28]  ; Stuck at GND due to stuck port data_in             ;
; sci:S08sci|baudgenA[0]                  ; Merged with clkdiv[0]                              ;
; FPU:S08fpu|FPmultiply:FPmultUnit|E[8,9] ; Lost fanout                                        ;
; FPU:S08fpu|FPdivide:FPdivUnit|EQ[8,9]   ; Lost fanout                                        ;
; Total Number of Removed Registers = 10  ;                                                    ;
+-----------------------------------------+----------------------------------------------------+


+------------------------------------------------------+
; General Register Statistics                          ;
+----------------------------------------------+-------+
; Statistic                                    ; Value ;
+----------------------------------------------+-------+
; Total registers                              ; 530   ;
; Number of registers using Synchronous Clear  ; 29    ;
; Number of registers using Synchronous Load   ; 121   ;
; Number of registers using Asynchronous Clear ; 0     ;
; Number of registers using Asynchronous Load  ; 0     ;
; Number of registers using Clock Enable       ; 358   ;
; Number of registers using Preset             ; 0     ;
+----------------------------------------------+-------+


+-----------------------------------------------------------------------------------------------------------------------------------------------------------------+
; Multiplexer Restructuring Statistics (Restructuring Performed)                                                                                                  ;
+--------------------+-----------+---------------+----------------------+------------------------+------------+---------------------------------------------------+
; Multiplexer Inputs ; Bus Width ; Baseline Area ; Area if Restructured ; Saving if Restructured ; Registered ; Example Multiplexer Output                        ;
+--------------------+-----------+---------------+----------------------+------------------------+------------+---------------------------------------------------+
; 3:1                ; 8 bits    ; 16 LEs        ; 0 LEs                ; 16 LEs                 ; Yes        ; |MiniS08|MAR[3]                                   ;
; 3:1                ; 8 bits    ; 16 LEs        ; 8 LEs                ; 8 LEs                  ; Yes        ; |MiniS08|HX[0]                                    ;
; 3:1                ; 3 bits    ; 6 LEs         ; 6 LEs                ; 0 LEs                  ; Yes        ; |MiniS08|CPUstate[1]                              ;
; 3:1                ; 2 bits    ; 4 LEs         ; 2 LEs                ; 2 LEs                  ; Yes        ; |MiniS08|FPU:S08fpu|outloc[0]                     ;
; 3:1                ; 3 bits    ; 6 LEs         ; 3 LEs                ; 3 LEs                  ; Yes        ; |MiniS08|sci:S08sci|rcvbitcnt[1]                  ;
; 3:1                ; 3 bits    ; 6 LEs         ; 3 LEs                ; 3 LEs                  ; Yes        ; |MiniS08|sci:S08sci|txdstate[1]                   ;
; 3:1                ; 8 bits    ; 16 LEs        ; 8 LEs                ; 8 LEs                  ; Yes        ; |MiniS08|FPU:S08fpu|Y[9]                          ;
; 3:1                ; 8 bits    ; 16 LEs        ; 8 LEs                ; 8 LEs                  ; Yes        ; |MiniS08|FPU:S08fpu|X[8]                          ;
; 3:1                ; 8 bits    ; 16 LEs        ; 8 LEs                ; 8 LEs                  ; Yes        ; |MiniS08|FPU:S08fpu|Y[23]                         ;
; 3:1                ; 8 bits    ; 16 LEs        ; 8 LEs                ; 8 LEs                  ; Yes        ; |MiniS08|FPU:S08fpu|X[18]                         ;
; 3:1                ; 8 bits    ; 16 LEs        ; 8 LEs                ; 8 LEs                  ; Yes        ; |MiniS08|FPU:S08fpu|Y[3]                          ;
; 3:1                ; 8 bits    ; 16 LEs        ; 8 LEs                ; 8 LEs                  ; Yes        ; |MiniS08|FPU:S08fpu|X[7]                          ;
; 3:1                ; 2 bits    ; 4 LEs         ; 2 LEs                ; 2 LEs                  ; Yes        ; |MiniS08|FPU:S08fpu|FPaddsub:FPaddsubUnit|B[1]    ;
; 3:1                ; 23 bits   ; 46 LEs        ; 23 LEs               ; 23 LEs                 ; Yes        ; |MiniS08|FPU:S08fpu|FPmultiply:FPmultUnit|A[16]   ;
; 3:1                ; 24 bits   ; 48 LEs        ; 48 LEs               ; 0 LEs                  ; Yes        ; |MiniS08|FPU:S08fpu|FPdivide:FPdivUnit|Q[1]       ;
; 3:1                ; 23 bits   ; 46 LEs        ; 23 LEs               ; 23 LEs                 ; Yes        ; |MiniS08|FPU:S08fpu|FPaddsub:FPaddsubUnit|FPS[7]  ;
; 3:1                ; 9 bits    ; 18 LEs        ; 9 LEs                ; 9 LEs                  ; Yes        ; |MiniS08|FPU:S08fpu|FPaddsub:FPaddsubUnit|FPS[23] ;
; 3:1                ; 10 bits   ; 20 LEs        ; 10 LEs               ; 10 LEs                 ; Yes        ; |MiniS08|FPU:S08fpu|FPdivide:FPdivUnit|EQ[7]      ;
; 4:1                ; 9 bits    ; 18 LEs        ; 18 LEs               ; 0 LEs                  ; Yes        ; |MiniS08|SP[4]                                    ;
; 4:1                ; 3 bits    ; 6 LEs         ; 3 LEs                ; 3 LEs                  ; Yes        ; |MiniS08|MAR[8]                                   ;
; 4:1                ; 3 bits    ; 6 LEs         ; 3 LEs                ; 3 LEs                  ; Yes        ; |MiniS08|HX[8]                                    ;
; 4:1                ; 32 bits   ; 64 LEs        ; 64 LEs               ; 0 LEs                  ; Yes        ; |MiniS08|FPU:S08fpu|Res[3]                        ;
; 4:1                ; 31 bits   ; 62 LEs        ; 62 LEs               ; 0 LEs                  ; Yes        ; |MiniS08|FPU:S08fpu|FPaddsub:FPaddsubUnit|B[20]   ;
; 4:1                ; 24 bits   ; 48 LEs        ; 48 LEs               ; 0 LEs                  ; Yes        ; |MiniS08|FPU:S08fpu|FPmultiply:FPmultUnit|P[8]    ;
; 4:1                ; 10 bits   ; 20 LEs        ; 10 LEs               ; 10 LEs                 ; Yes        ; |MiniS08|FPU:S08fpu|FPmultiply:FPmultUnit|E[6]    ;
; 4:1                ; 2 bits    ; 4 LEs         ; 4 LEs                ; 0 LEs                  ; Yes        ; |MiniS08|FPU:S08fpu|FPdivide:FPdivUnit|A[24]      ;
; 4:1                ; 22 bits   ; 44 LEs        ; 44 LEs               ; 0 LEs                  ; Yes        ; |MiniS08|FPU:S08fpu|FPdivide:FPdivUnit|A[17]      ;
; 4:1                ; 3 bits    ; 6 LEs         ; 6 LEs                ; 0 LEs                  ; Yes        ; |MiniS08|sci:S08sci|rcvstate[0]                   ;
; 4:1                ; 3 bits    ; 6 LEs         ; 6 LEs                ; 0 LEs                  ; Yes        ; |MiniS08|FPU:S08fpu|inloc[0]                      ;
; 5:1                ; 11 bits   ; 33 LEs        ; 22 LEs               ; 11 LEs                 ; Yes        ; |MiniS08|PC[3]                                    ;
; 6:1                ; 8 bits    ; 32 LEs        ; 16 LEs               ; 16 LEs                 ; Yes        ; |MiniS08|FPU:S08fpu|FPaddsub:FPaddsubUnit|eA[4]   ;
; 8:1                ; 2 bits    ; 10 LEs        ; 6 LEs                ; 4 LEs                  ; Yes        ; |MiniS08|FPU:S08fpu|FPaddsub:FPaddsubUnit|A[28]   ;
; 9:1                ; 23 bits   ; 138 LEs       ; 92 LEs               ; 46 LEs                 ; Yes        ; |MiniS08|FPU:S08fpu|FPaddsub:FPaddsubUnit|A[10]   ;
; 22:1               ; 4 bits    ; 56 LEs        ; 24 LEs               ; 32 LEs                 ; Yes        ; |MiniS08|A[3]                                     ;
; 23:1               ; 2 bits    ; 30 LEs        ; 14 LEs               ; 16 LEs                 ; Yes        ; |MiniS08|A[1]                                     ;
; 3:1                ; 22 bits   ; 44 LEs        ; 22 LEs               ; 22 LEs                 ; No         ; |MiniS08|FPU:S08fpu|FPmultiply:FPmultUnit|Add0    ;
; 5:1                ; 2 bits    ; 6 LEs         ; 6 LEs                ; 0 LEs                  ; No         ; |MiniS08|abus[10]                                 ;
; 6:1                ; 9 bits    ; 36 LEs        ; 27 LEs               ; 9 LEs                  ; No         ; |MiniS08|abus[2]                                  ;
; 21:1               ; 4 bits    ; 56 LEs        ; 32 LEs               ; 24 LEs                 ; No         ; |MiniS08|dbus[4]                                  ;
; 21:1               ; 2 bits    ; 28 LEs        ; 16 LEs               ; 12 LEs                 ; No         ; |MiniS08|dbus[1]                                  ;
+--------------------+-----------+---------------+----------------------+------------------------+------------+---------------------------------------------------+


+--------------------------------------------------------------------------------------------------+
; Source assignments for ram:S08ram|altsyncram:altsyncram_component|altsyncram_cra1:auto_generated ;
+---------------------------------+--------------------+------+------------------------------------+
; Assignment                      ; Value              ; From ; To                                 ;
+---------------------------------+--------------------+------+------------------------------------+
; OPTIMIZE_POWER_DURING_SYNTHESIS ; NORMAL_COMPILATION ; -    ; -                                  ;
+---------------------------------+--------------------+------+------------------------------------+


+---------------------------------------------------------------------------------------------------+
; Source assignments for rom2:S08rom|altsyncram:altsyncram_component|altsyncram_pl81:auto_generated ;
+---------------------------------+--------------------+------+-------------------------------------+
; Assignment                      ; Value              ; From ; To                                  ;
+---------------------------------+--------------------+------+-------------------------------------+
; OPTIMIZE_POWER_DURING_SYNTHESIS ; NORMAL_COMPILATION ; -    ; -                                   ;
+---------------------------------+--------------------+------+-------------------------------------+


+-----------------------------------------------------------------------------------------+
; Parameter Settings for User Entity Instance: ram:S08ram|altsyncram:altsyncram_component ;
+------------------------------------+----------------------+-----------------------------+
; Parameter Name                     ; Value                ; Type                        ;
+------------------------------------+----------------------+-----------------------------+
; BYTE_SIZE_BLOCK                    ; 8                    ; Untyped                     ;
; AUTO_CARRY_CHAINS                  ; ON                   ; AUTO_CARRY                  ;
; IGNORE_CARRY_BUFFERS               ; OFF                  ; IGNORE_CARRY                ;
; AUTO_CASCADE_CHAINS                ; ON                   ; AUTO_CASCADE                ;
; IGNORE_CASCADE_BUFFERS             ; OFF                  ; IGNORE_CASCADE              ;
; WIDTH_BYTEENA                      ; 1                    ; Untyped                     ;
; OPERATION_MODE                     ; SINGLE_PORT          ; Untyped                     ;
; WIDTH_A                            ; 8                    ; Signed Integer              ;
; WIDTHAD_A                          ; 9                    ; Signed Integer              ;
; NUMWORDS_A                         ; 512                  ; Signed Integer              ;
; OUTDATA_REG_A                      ; UNREGISTERED         ; Untyped                     ;
; ADDRESS_ACLR_A                     ; NONE                 ; Untyped                     ;
; OUTDATA_ACLR_A                     ; NONE                 ; Untyped                     ;
; WRCONTROL_ACLR_A                   ; NONE                 ; Untyped                     ;
; INDATA_ACLR_A                      ; NONE                 ; Untyped                     ;
; BYTEENA_ACLR_A                     ; NONE                 ; Untyped                     ;
; WIDTH_B                            ; 1                    ; Untyped                     ;
; WIDTHAD_B                          ; 1                    ; Untyped                     ;
; NUMWORDS_B                         ; 1                    ; Untyped                     ;
; INDATA_REG_B                       ; CLOCK1               ; Untyped                     ;
; WRCONTROL_WRADDRESS_REG_B          ; CLOCK1               ; Untyped                     ;
; RDCONTROL_REG_B                    ; CLOCK1               ; Untyped                     ;
; ADDRESS_REG_B                      ; CLOCK1               ; Untyped                     ;
; OUTDATA_REG_B                      ; UNREGISTERED         ; Untyped                     ;
; BYTEENA_REG_B                      ; CLOCK1               ; Untyped                     ;
; INDATA_ACLR_B                      ; NONE                 ; Untyped                     ;
; WRCONTROL_ACLR_B                   ; NONE                 ; Untyped                     ;
; ADDRESS_ACLR_B                     ; NONE                 ; Untyped                     ;
; OUTDATA_ACLR_B                     ; NONE                 ; Untyped                     ;
; RDCONTROL_ACLR_B                   ; NONE                 ; Untyped                     ;
; BYTEENA_ACLR_B                     ; NONE                 ; Untyped                     ;
; WIDTH_BYTEENA_A                    ; 1                    ; Signed Integer              ;
; WIDTH_BYTEENA_B                    ; 1                    ; Untyped                     ;
; RAM_BLOCK_TYPE                     ; AUTO                 ; Untyped                     ;
; BYTE_SIZE                          ; 8                    ; Untyped                     ;
; READ_DURING_WRITE_MODE_MIXED_PORTS ; DONT_CARE            ; Untyped                     ;
; READ_DURING_WRITE_MODE_PORT_A      ; NEW_DATA_NO_NBE_READ ; Untyped                     ;
; READ_DURING_WRITE_MODE_PORT_B      ; NEW_DATA_NO_NBE_READ ; Untyped                     ;
; INIT_FILE                          ; UNUSED               ; Untyped                     ;
; INIT_FILE_LAYOUT                   ; PORT_A               ; Untyped                     ;
; MAXIMUM_DEPTH                      ; 0                    ; Untyped                     ;
; CLOCK_ENABLE_INPUT_A               ; BYPASS               ; Untyped                     ;
; CLOCK_ENABLE_INPUT_B               ; NORMAL               ; Untyped                     ;
; CLOCK_ENABLE_OUTPUT_A              ; BYPASS               ; Untyped                     ;
; CLOCK_ENABLE_OUTPUT_B              ; NORMAL               ; Untyped                     ;
; CLOCK_ENABLE_CORE_A                ; USE_INPUT_CLKEN      ; Untyped                     ;
; CLOCK_ENABLE_CORE_B                ; USE_INPUT_CLKEN      ; Untyped                     ;
; ENABLE_ECC                         ; FALSE                ; Untyped                     ;
; ECC_PIPELINE_STAGE_ENABLED         ; FALSE                ; Untyped                     ;
; WIDTH_ECCSTATUS                    ; 3                    ; Untyped                     ;
; DEVICE_FAMILY                      ; Cyclone II           ; Untyped                     ;
; CBXI_PARAMETER                     ; altsyncram_cra1      ; Untyped                     ;
+------------------------------------+----------------------+-----------------------------+
Note: In order to hide this table in the UI and the text report file, please set the "Show Parameter Settings in Synthesis Report" option in "Analysis and Synthesis Settings -> More Settings" to "Off".


+------------------------------------------------------------------------------------------+
; Parameter Settings for User Entity Instance: rom2:S08rom|altsyncram:altsyncram_component ;
+------------------------------------+----------------------+------------------------------+
; Parameter Name                     ; Value                ; Type                         ;
+------------------------------------+----------------------+------------------------------+
; BYTE_SIZE_BLOCK                    ; 8                    ; Untyped                      ;
; AUTO_CARRY_CHAINS                  ; ON                   ; AUTO_CARRY                   ;
; IGNORE_CARRY_BUFFERS               ; OFF                  ; IGNORE_CARRY                 ;
; AUTO_CASCADE_CHAINS                ; ON                   ; AUTO_CASCADE                 ;
; IGNORE_CASCADE_BUFFERS             ; OFF                  ; IGNORE_CASCADE               ;
; WIDTH_BYTEENA                      ; 1                    ; Untyped                      ;
; OPERATION_MODE                     ; ROM                  ; Untyped                      ;
; WIDTH_A                            ; 8                    ; Signed Integer               ;
; WIDTHAD_A                          ; 11                   ; Signed Integer               ;
; NUMWORDS_A                         ; 2048                 ; Signed Integer               ;
; OUTDATA_REG_A                      ; UNREGISTERED         ; Untyped                      ;
; ADDRESS_ACLR_A                     ; NONE                 ; Untyped                      ;
; OUTDATA_ACLR_A                     ; NONE                 ; Untyped                      ;
; WRCONTROL_ACLR_A                   ; NONE                 ; Untyped                      ;
; INDATA_ACLR_A                      ; NONE                 ; Untyped                      ;
; BYTEENA_ACLR_A                     ; NONE                 ; Untyped                      ;
; WIDTH_B                            ; 1                    ; Untyped                      ;
; WIDTHAD_B                          ; 1                    ; Untyped                      ;
; NUMWORDS_B                         ; 1                    ; Untyped                      ;
; INDATA_REG_B                       ; CLOCK1               ; Untyped                      ;
; WRCONTROL_WRADDRESS_REG_B          ; CLOCK1               ; Untyped                      ;
; RDCONTROL_REG_B                    ; CLOCK1               ; Untyped                      ;
; ADDRESS_REG_B                      ; CLOCK1               ; Untyped                      ;
; OUTDATA_REG_B                      ; UNREGISTERED         ; Untyped                      ;
; BYTEENA_REG_B                      ; CLOCK1               ; Untyped                      ;
; INDATA_ACLR_B                      ; NONE                 ; Untyped                      ;
; WRCONTROL_ACLR_B                   ; NONE                 ; Untyped                      ;
; ADDRESS_ACLR_B                     ; NONE                 ; Untyped                      ;
; OUTDATA_ACLR_B                     ; NONE                 ; Untyped                      ;
; RDCONTROL_ACLR_B                   ; NONE                 ; Untyped                      ;
; BYTEENA_ACLR_B                     ; NONE                 ; Untyped                      ;
; WIDTH_BYTEENA_A                    ; 1                    ; Signed Integer               ;
; WIDTH_BYTEENA_B                    ; 1                    ; Untyped                      ;
; RAM_BLOCK_TYPE                     ; AUTO                 ; Untyped                      ;
; BYTE_SIZE                          ; 8                    ; Untyped                      ;
; READ_DURING_WRITE_MODE_MIXED_PORTS ; DONT_CARE            ; Untyped                      ;
; READ_DURING_WRITE_MODE_PORT_A      ; NEW_DATA_NO_NBE_READ ; Untyped                      ;
; READ_DURING_WRITE_MODE_PORT_B      ; NEW_DATA_NO_NBE_READ ; Untyped                      ;
; INIT_FILE                          ; MiniS08FPUtest.mif   ; Untyped                      ;
; INIT_FILE_LAYOUT                   ; PORT_A               ; Untyped                      ;
; MAXIMUM_DEPTH                      ; 0                    ; Untyped                      ;
; CLOCK_ENABLE_INPUT_A               ; BYPASS               ; Untyped                      ;
; CLOCK_ENABLE_INPUT_B               ; NORMAL               ; Untyped                      ;
; CLOCK_ENABLE_OUTPUT_A              ; BYPASS               ; Untyped                      ;
; CLOCK_ENABLE_OUTPUT_B              ; NORMAL               ; Untyped                      ;
; CLOCK_ENABLE_CORE_A                ; USE_INPUT_CLKEN      ; Untyped                      ;
; CLOCK_ENABLE_CORE_B                ; USE_INPUT_CLKEN      ; Untyped                      ;
; ENABLE_ECC                         ; FALSE                ; Untyped                      ;
; ECC_PIPELINE_STAGE_ENABLED         ; FALSE                ; Untyped                      ;
; WIDTH_ECCSTATUS                    ; 3                    ; Untyped                      ;
; DEVICE_FAMILY                      ; Cyclone II           ; Untyped                      ;
; CBXI_PARAMETER                     ; altsyncram_pl81      ; Untyped                      ;
+------------------------------------+----------------------+------------------------------+
Note: In order to hide this table in the UI and the text report file, please set the "Show Parameter Settings in Synthesis Report" option in "Analysis and Synthesis Settings -> More Settings" to "Off".


+-----------------------------------------------------------------------------------------+
; altsyncram Parameter Settings by Entity Instance                                        ;
+-------------------------------------------+---------------------------------------------+
; Name                                      ; Value                                       ;
+-------------------------------------------+---------------------------------------------+
; Number of entity instances                ; 2                                           ;
; Entity Instance                           ; ram:S08ram|altsyncram:altsyncram_component  ;
;     -- OPERATION_MODE                     ; SINGLE_PORT                                 ;
;     -- WIDTH_A                            ; 8                                           ;
;     -- NUMWORDS_A                         ; 512                                         ;
;     -- OUTDATA_REG_A                      ; UNREGISTERED                                ;
;     -- WIDTH_B                            ; 1                                           ;
;     -- NUMWORDS_B                         ; 1                                           ;
;     -- ADDRESS_REG_B                      ; CLOCK1                                      ;
;     -- OUTDATA_REG_B                      ; UNREGISTERED                                ;
;     -- RAM_BLOCK_TYPE                     ; AUTO                                        ;
;     -- READ_DURING_WRITE_MODE_MIXED_PORTS ; DONT_CARE                                   ;
; Entity Instance                           ; rom2:S08rom|altsyncram:altsyncram_component ;
;     -- OPERATION_MODE                     ; ROM                                         ;
;     -- WIDTH_A                            ; 8                                           ;
;     -- NUMWORDS_A                         ; 2048                                        ;
;     -- OUTDATA_REG_A                      ; UNREGISTERED                                ;
;     -- WIDTH_B                            ; 1                                           ;
;     -- NUMWORDS_B                         ; 1                                           ;
;     -- ADDRESS_REG_B                      ; CLOCK1                                      ;
;     -- OUTDATA_REG_B                      ; UNREGISTERED                                ;
;     -- RAM_BLOCK_TYPE                     ; AUTO                                        ;
;     -- READ_DURING_WRITE_MODE_MIXED_PORTS ; DONT_CARE                                   ;
+-------------------------------------------+---------------------------------------------+


+------------------------------------------+
; Port Connectivity Checks: "sevenseg:ST"  ;
+--------+-------+----------+--------------+
; Port   ; Type  ; Severity ; Details      ;
+--------+-------+----------+--------------+
; hex[3] ; Input ; Info     ; Stuck at GND ;
+--------+-------+----------+--------------+


+------------------------------------------+
; Port Connectivity Checks: "sevenseg:A2"  ;
+--------+-------+----------+--------------+
; Port   ; Type  ; Severity ; Details      ;
+--------+-------+----------+--------------+
; hex[3] ; Input ; Info     ; Stuck at GND ;
+--------+-------+----------+--------------+


+-------------------------------+
; Elapsed Time Per Partition    ;
+----------------+--------------+
; Partition Name ; Elapsed Time ;
+----------------+--------------+
; Top            ; 00:00:07     ;
+----------------+--------------+


+-------------------------------+
; Analysis & Synthesis Messages ;
+-------------------------------+
Info: *******************************************************************
Info: Running Quartus II 64-Bit Analysis & Synthesis
    Info: Version 13.0.1 Build 232 06/12/2013 Service Pack 1 SJ Web Edition
    Info: Processing started: Fri Dec 06 15:03:31 2019
Info: Command: quartus_map --read_settings_files=on --write_settings_files=off MiniS08 -c MiniS08
Info (11104): Parallel Compilation has detected 12 hyper-threaded processors. However, the extra hyper-threaded processors will not be used by default. Parallel Compilation will use 6 of the 6 physical processors detected instead.
Info (12021): Found 1 design units, including 1 entities, in source file fpaddsub.v
    Info (12023): Found entity 1: FPaddsub
Info (12021): Found 1 design units, including 1 entities, in source file fpmultiply.v
    Info (12023): Found entity 1: FPmultiply
Info (12021): Found 1 design units, including 1 entities, in source file fpdivide.v
    Info (12023): Found entity 1: FPdivide
Info (12021): Found 1 design units, including 1 entities, in source file fpu.v
    Info (12023): Found entity 1: FPU
Info (12021): Found 1 design units, including 1 entities, in source file sevenseg.v
    Info (12023): Found entity 1: sevenseg
Info (12021): Found 1 design units, including 1 entities, in source file sci.v
    Info (12023): Found entity 1: sci
Info (12021): Found 1 design units, including 1 entities, in source file minis08starter.v
    Info (12023): Found entity 1: MiniS08
Info (12021): Found 1 design units, including 1 entities, in source file ram.v
    Info (12023): Found entity 1: ram
Info (12021): Found 1 design units, including 1 entities, in source file rom.v
    Info (12023): Found entity 1: rom
Info (12021): Found 1 design units, including 1 entities, in source file rom2.v
    Info (12023): Found entity 1: rom2
Info (12127): Elaborating entity "MiniS08" for the top level hierarchy
Warning (10230): Verilog HDL assignment warning at MiniS08starter.v(58): truncated value with size 32 to match size of target (28)
Warning (10230): Verilog HDL assignment warning at MiniS08starter.v(85): truncated value with size 32 to match size of target (9)
Warning (10230): Verilog HDL assignment warning at MiniS08starter.v(86): truncated value with size 32 to match size of target (11)
Warning (10230): Verilog HDL assignment warning at MiniS08starter.v(89): truncated value with size 32 to match size of target (3)
Warning (10230): Verilog HDL assignment warning at MiniS08starter.v(93): truncated value with size 32 to match size of target (9)
Warning (10230): Verilog HDL assignment warning at MiniS08starter.v(95): truncated value with size 32 to match size of target (8)
Warning (10230): Verilog HDL assignment warning at MiniS08starter.v(96): truncated value with size 32 to match size of target (11)
Warning (10230): Verilog HDL assignment warning at MiniS08starter.v(97): truncated value with size 32 to match size of target (9)
Info (12128): Elaborating entity "sevenseg" for hierarchy "sevenseg:A2"
Warning (10230): Verilog HDL assignment warning at sevenseg.v(4): truncated value with size 32 to match size of target (7)
Info (12128): Elaborating entity "sci" for hierarchy "sci:S08sci"
Warning (10230): Verilog HDL assignment warning at sci.v(35): truncated value with size 32 to match size of target (8)
Warning (10230): Verilog HDL assignment warning at sci.v(41): truncated value with size 32 to match size of target (6)
Warning (10230): Verilog HDL assignment warning at sci.v(47): truncated value with size 32 to match size of target (1)
Warning (10230): Verilog HDL assignment warning at sci.v(48): truncated value with size 32 to match size of target (1)
Warning (10230): Verilog HDL assignment warning at sci.v(49): truncated value with size 32 to match size of target (1)
Warning (10230): Verilog HDL assignment warning at sci.v(54): truncated value with size 32 to match size of target (3)
Warning (10230): Verilog HDL assignment warning at sci.v(58): truncated value with size 32 to match size of target (3)
Warning (10230): Verilog HDL assignment warning at sci.v(60): truncated value with size 32 to match size of target (3)
Warning (10230): Verilog HDL assignment warning at sci.v(67): truncated value with size 32 to match size of target (4)
Info (12128): Elaborating entity "ram" for hierarchy "ram:S08ram"
Info (12128): Elaborating entity "altsyncram" for hierarchy "ram:S08ram|altsyncram:altsyncram_component"
Info (12130): Elaborated megafunction instantiation "ram:S08ram|altsyncram:altsyncram_component"
Info (12133): Instantiated megafunction "ram:S08ram|altsyncram:altsyncram_component" with the following parameter:
    Info (12134): Parameter "clock_enable_input_a" = "BYPASS"
    Info (12134): Parameter "clock_enable_output_a" = "BYPASS"
    Info (12134): Parameter "intended_device_family" = "Cyclone II"
    Info (12134): Parameter "lpm_hint" = "ENABLE_RUNTIME_MOD=NO"
    Info (12134): Parameter "lpm_type" = "altsyncram"
    Info (12134): Parameter "numwords_a" = "512"
    Info (12134): Parameter "operation_mode" = "SINGLE_PORT"
    Info (12134): Parameter "outdata_aclr_a" = "NONE"
    Info (12134): Parameter "outdata_reg_a" = "UNREGISTERED"
    Info (12134): Parameter "power_up_uninitialized" = "FALSE"
    Info (12134): Parameter "widthad_a" = "9"
    Info (12134): Parameter "width_a" = "8"
    Info (12134): Parameter "width_byteena_a" = "1"
Info (12021): Found 1 design units, including 1 entities, in source file db/altsyncram_cra1.tdf
    Info (12023): Found entity 1: altsyncram_cra1
Info (12128): Elaborating entity "altsyncram_cra1" for hierarchy "ram:S08ram|altsyncram:altsyncram_component|altsyncram_cra1:auto_generated"
Info (12128): Elaborating entity "rom2" for hierarchy "rom2:S08rom"
Info (12128): Elaborating entity "altsyncram" for hierarchy "rom2:S08rom|altsyncram:altsyncram_component"
Info (12130): Elaborated megafunction instantiation "rom2:S08rom|altsyncram:altsyncram_component"
Info (12133): Instantiated megafunction "rom2:S08rom|altsyncram:altsyncram_component" with the following parameter:
    Info (12134): Parameter "clock_enable_input_a" = "BYPASS"
    Info (12134): Parameter "clock_enable_output_a" = "BYPASS"
    Info (12134): Parameter "init_file" = "MiniS08FPUtest.mif"
    Info (12134): Parameter "intended_device_family" = "Cyclone II"
    Info (12134): Parameter "lpm_hint" = "ENABLE_RUNTIME_MOD=NO"
    Info (12134): Parameter "lpm_type" = "altsyncram"
    Info (12134): Parameter "numwords_a" = "2048"
    Info (12134): Parameter "operation_mode" = "ROM"
    Info (12134): Parameter "outdata_aclr_a" = "NONE"
    Info (12134): Parameter "outdata_reg_a" = "UNREGISTERED"
    Info (12134): Parameter "widthad_a" = "11"
    Info (12134): Parameter "width_a" = "8"
    Info (12134): Parameter "width_byteena_a" = "1"
Info (12021): Found 1 design units, including 1 entities, in source file db/altsyncram_pl81.tdf
    Info (12023): Found entity 1: altsyncram_pl81
Info (12128): Elaborating entity "altsyncram_pl81" for hierarchy "rom2:S08rom|altsyncram:altsyncram_component|altsyncram_pl81:auto_generated"
Info (12128): Elaborating entity "FPU" for hierarchy "FPU:S08fpu"
Warning (10230): Verilog HDL assignment warning at FPU.v(34): truncated value with size 32 to match size of target (3)
Warning (10230): Verilog HDL assignment warning at FPU.v(35): truncated value with size 32 to match size of target (2)
Warning (10230): Verilog HDL assignment warning at FPU.v(37): truncated value with size 32 to match size of target (8)
Warning (10230): Verilog HDL assignment warning at FPU.v(38): truncated value with size 32 to match size of target (8)
Warning (10230): Verilog HDL assignment warning at FPU.v(39): truncated value with size 32 to match size of target (8)
Warning (10230): Verilog HDL assignment warning at FPU.v(41): truncated value with size 32 to match size of target (8)
Warning (10230): Verilog HDL assignment warning at FPU.v(42): truncated value with size 32 to match size of target (8)
Warning (10230): Verilog HDL assignment warning at FPU.v(43): truncated value with size 32 to match size of target (8)
Warning (10230): Verilog HDL assignment warning at FPU.v(45): truncated value with size 32 to match size of target (1)
Warning (10230): Verilog HDL assignment warning at FPU.v(48): truncated value with size 32 to match size of target (8)
Info (12128): Elaborating entity "FPdivide" for hierarchy "FPU:S08fpu|FPdivide:FPdivUnit"
Warning (10230): Verilog HDL assignment warning at FPdivide.v(18): truncated value with size 32 to match size of target (24)
Warning (10230): Verilog HDL assignment warning at FPdivide.v(20): truncated value with size 32 to match size of target (25)
Warning (10230): Verilog HDL assignment warning at FPdivide.v(22): truncated value with size 32 to match size of target (10)
Info (12128): Elaborating entity "FPmultiply" for hierarchy "FPU:S08fpu|FPmultiply:FPmultUnit"
Warning (10230): Verilog HDL assignment warning at FPmultiply.v(24): truncated value with size 32 to match size of target (25)
Warning (10230): Verilog HDL assignment warning at FPmultiply.v(28): truncated value with size 32 to match size of target (10)
Warning (10230): Verilog HDL assignment warning at FPmultiply.v(29): truncated value with size 32 to match size of target (1)
Warning (10230): Verilog HDL assignment warning at FPmultiply.v(30): truncated value with size 32 to match size of target (1)
Warning (10230): Verilog HDL assignment warning at FPmultiply.v(34): truncated value with size 32 to match size of target (24)
Info (12128): Elaborating entity "FPaddsub" for hierarchy "FPU:S08fpu|FPaddsub:FPaddsubUnit"
Warning (10230): Verilog HDL assignment warning at FPaddsub.v(28): truncated value with size 32 to match size of target (8)
Warning (10230): Verilog HDL assignment warning at FPaddsub.v(30): truncated value with size 32 to match size of target (8)
Warning (10230): Verilog HDL assignment warning at FPaddsub.v(32): truncated value with size 32 to match size of target (29)
Info (17049): 4 registers lost all their fanouts during netlist optimizations.
Info (144001): Generated suppressed messages file C:/Users/kacox/Desktop/MiniS08 Verilog/MiniS08 Verilog/output_files/MiniS08.map.smsg
Info (16010): Generating hard_block partition "hard_block:auto_generated_inst"
    Info (16011): Adding 0 node(s), including 0 DDIO, 0 PLL, 0 transceiver and 0 LCELL
Info (21057): Implemented 1713 device resources after synthesis - the final resource count might be different
    Info (21058): Implemented 7 input pins
    Info (21059): Implemented 58 output pins
    Info (21061): Implemented 1632 logic cells
    Info (21064): Implemented 16 RAM segments
Info: Quartus II 64-Bit Analysis & Synthesis was successful. 0 errors, 39 warnings
    Info: Peak virtual memory: 4654 megabytes
    Info: Processing ended: Fri Dec 06 15:03:40 2019
    Info: Elapsed time: 00:00:09
    Info: Total CPU time (on all processors): 00:00:08


+------------------------------------------+
; Analysis & Synthesis Suppressed Messages ;
+------------------------------------------+
The suppressed messages can be found in C:/Users/kacox/Desktop/MiniS08 Verilog/MiniS08 Verilog/output_files/MiniS08.map.smsg.


